<?xml version="1.0" encoding="UTF-8"?>
<testng-results skipped="0" failed="0" total="5" passed="5">
  <reporter-output>
  </reporter-output>
  <suite name="New tours Demo Suite" duration-ms="121177" started-at="2017-05-28T09:22:58Z" finished-at="2017-05-28T09:24:59Z">
    <groups>
    </groups>
    <test name="End to end Testing" duration-ms="121177" started-at="2017-05-28T09:22:58Z" finished-at="2017-05-28T09:24:59Z">
      <class name="day28.testNGsuite.FlightConfirmation">
        <test-method status="PASS" signature="confirmFlight()[pri:0, instance:day28.testNGsuite.FlightConfirmation@279c6035]" name="confirmFlight" duration-ms="92" started-at="2017-05-28T14:54:59Z" finished-at="2017-05-28T14:54:59Z">
          <reporter-output>
          </reporter-output>
        </test-method> <!-- confirmFlight -->
      </class> <!-- day28.testNGsuite.FlightConfirmation -->
      <class name="day28.testNGsuite.BookAFlight">
        <test-method status="PASS" signature="bookFlight()[pri:0, instance:day28.testNGsuite.BookAFlight@5f9caedd]" name="bookFlight" duration-ms="1407" started-at="2017-05-28T14:54:57Z" finished-at="2017-05-28T14:54:59Z">
          <reporter-output>
          </reporter-output>
        </test-method> <!-- bookFlight -->
      </class> <!-- day28.testNGsuite.BookAFlight -->
      <class name="day28.testNGsuite.SelectAFlight">
        <test-method status="PASS" signature="selectFlight()[pri:0, instance:day28.testNGsuite.SelectAFlight@590713ac]" name="selectFlight" duration-ms="2551" started-at="2017-05-28T14:54:55Z" finished-at="2017-05-28T14:54:57Z">
          <reporter-output>
          </reporter-output>
        </test-method> <!-- selectFlight -->
      </class> <!-- day28.testNGsuite.SelectAFlight -->
      <class name="day28.testNGsuite.Login">
        <test-method status="PASS" signature="loginTest()[pri:0, instance:day28.testNGsuite.Login@5e8ce525]" name="loginTest" duration-ms="111049" started-at="2017-05-28T14:52:58Z" finished-at="2017-05-28T14:54:49Z">
          <reporter-output>
          </reporter-output>
        </test-method> <!-- loginTest -->
      </class> <!-- day28.testNGsuite.Login -->
      <class name="day28.testNGsuite.FindAFlight">
        <test-method status="PASS" signature="flightFinder()[pri:0, instance:day28.testNGsuite.FindAFlight@6f4fb163]" name="flightFinder" duration-ms="6028" started-at="2017-05-28T14:54:49Z" finished-at="2017-05-28T14:54:55Z">
          <reporter-output>
          </reporter-output>
        </test-method> <!-- flightFinder -->
      </class> <!-- day28.testNGsuite.FindAFlight -->
    </test> <!-- End to end Testing -->
  </suite> <!-- New tours Demo Suite -->
</testng-results>
