<?xml version="1.0" encoding="UTF-8"?>
<!-- Generated by org.testng.reporters.JUnitXMLReporter -->
<testsuite hostname="Shaik-PC" name="End to end Testing" tests="5" failures="0" timestamp="28 May 2017 09:24:59 GMT" time="121.177" errors="0">
  <testcase name="loginTest" time="111.049" classname="day28.testNGsuite.Login"/>
  <testcase name="flightFinder" time="6.028" classname="day28.testNGsuite.FindAFlight"/>
  <testcase name="selectFlight" time="2.551" classname="day28.testNGsuite.SelectAFlight"/>
  <testcase name="bookFlight" time="1.407" classname="day28.testNGsuite.BookAFlight"/>
  <testcase name="confirmFlight" time="0.092" classname="day28.testNGsuite.FlightConfirmation"/>
</testsuite> <!-- End to end Testing -->
